This file contains any messages produced by compilers while
running configure, to aid debugging if configure makes a mistake.

It was created by configure, which was
generated by GNU Autoconf 2.69.  Invocation command line was

  $ ./configure --build=x86_64-linux --host=arm-oe-linux-gnueabi --target=arm-oe-linux-gnueabi --prefix=/usr --exec_prefix=/usr --bindir=/usr/bin --sbindir=/usr/sbin --libexecdir=/usr/libexec --datadir=/usr/share --sysconfdir=/etc --sharedstatedir=/com --localstatedir=/var --libdir=/usr/lib --includedir=/usr/include --oldincludedir=/usr/include --infodir=/usr/share/info --mandir=/usr/share/man --with-libtool-sysroot=/home/emanuel/OE2.5/opendreambox/build/dm900/tmp-glibc/sysroots/dm900 BUILD_SYS=x86_64-linux HOST_SYS=arm-oe-linux-gnueabi STAGING_LIBDIR=/home/emanuel/OE2.5/opendreambox/build/dm900/tmp-glibc/sysroots/dm900/usr/lib STAGING_INCDIR=/home/emanuel/OE2.5/opendreambox/build/dm900/tmp-glibc/sysroots/dm900/usr/include PATH=/home/emanuel/OE2.5/opendreambox/build/dm900/tmp-glibc/sysroots/x86_64-linux/usr/bin/python-native:/home/emanuel/OE2.5/opendreambox/openembedded-core/scripts:/home/emanuel/OE2.5/opendreambox/build/dm900/tmp-glibc/sysroots/x86_64-linux/usr/bin/arm-oe-linux-gnueabi:/home/emanuel/OE2.5/opendreambox/build/dm900/tmp-glibc/sysroots/dm900/usr/bin/crossscripts:/home/emanuel/OE2.5/opendreambox/build/dm900/tmp-glibc/sysroots/x86_64-linux/usr/sbin:/home/emanuel/OE2.5/opendreambox/build/dm900/tmp-glibc/sysroots/x86_64-linux/usr/bin:/home/emanuel/OE2.5/opendreambox/build/dm900/tmp-glibc/sysroots/x86_64-linux/sbin:/home/emanuel/OE2.5/opendreambox/build/dm900/tmp-glibc/sysroots/x86_64-linux/bin:/home/emanuel/OE2.5/opendreambox/openembedded-core/scripts:/home/emanuel/OE2.5/opendreambox/bitbake/bin:/home/emanuel/android/Sdk/platform-tools:/home/emanuel/android-studio/bin:/home/emanuel/bin:/home/emanuel/bin:/usr/local/sbin:/usr/local/bin:/usr/sbin:/usr/bin:/sbin:/bin:/usr/games:/usr/local/games:/snap/bin CC=arm-oe-linux-gnueabi-gcc  -march=armv7ve -mfpu=neon-vfpv4  -mfloat-abi=hard -mcpu=cortex-a15 --sysroot=/home/emanuel/OE2.5/opendreambox/build/dm900/tmp-glibc/sysroots/dm900 CXX=arm-oe-linux-gnueabi-g++  -march=armv7ve -mfpu=neon-vfpv4  -mfloat-abi=hard -mcpu=cortex-a15 --sysroot=/home/emanuel/OE2.5/opendreambox/build/dm900/tmp-glibc/sysroots/dm900 F77= CPP=arm-oe-linux-gnueabi-gcc -E --sysroot=/home/emanuel/OE2.5/opendreambox/build/dm900/tmp-glibc/sysroots/dm900  -march=armv7ve -mfpu=neon-vfpv4  -mfloat-abi=hard -mcpu=cortex-a15 LD=arm-oe-linux-gnueabi-ld --sysroot=/home/emanuel/OE2.5/opendreambox/build/dm900/tmp-glibc/sysroots/dm900  CCLD=arm-oe-linux-gnueabi-gcc  -march=armv7ve -mfpu=neon-vfpv4  -mfloat-abi=hard -mcpu=cortex-a15 --sysroot=/home/emanuel/OE2.5/opendreambox/build/dm900/tmp-glibc/sysroots/dm900 AR=arm-oe-linux-gnueabi-ar AS=arm-oe-linux-gnueabi-as  RANLIB=arm-oe-linux-gnueabi-ranlib STRIP=arm-oe-linux-gnueabi-strip OBJCOPY=arm-oe-linux-gnueabi-objcopy OBJDUMP=arm-oe-linux-gnueabi-objdump NM=arm-oe-linux-gnueabi-nm PKG_CONFIG_DIR=/home/emanuel/OE2.5/opendreambox/build/dm900/tmp-glibc/sysroots/dm900/usr/lib/pkgconfig PKG_CONFIG_PATH=/home/emanuel/OE2.5/opendreambox/build/dm900/tmp-glibc/sysroots/dm900/usr/lib/pkgconfig:/home/emanuel/OE2.5/opendreambox/build/dm900/tmp-glibc/sysroots/dm900/usr/share/pkgconfig PKG_CONFIG_LIBDIR=/home/emanuel/OE2.5/opendreambox/build/dm900/tmp-glibc/sysroots/dm900/usr/lib/pkgconfig PKG_CONFIG_SYSROOT_DIR=/home/emanuel/OE2.5/opendreambox/build/dm900/tmp-glibc/sysroots/dm900 PKG_CONFIG_DISABLE_UNINSTALLED=yes --with-sdl

## --------- ##
## Platform. ##
## --------- ##

hostname = xanadu
uname -m = x86_64
uname -r = 4.4.0-62-generic
uname -s = Linux
uname -v = #83-Ubuntu SMP Wed Jan 18 14:10:15 UTC 2017

/usr/bin/uname -p = unknown
/bin/uname -X     = unknown

/bin/arch              = unknown
/usr/bin/arch -k       = unknown
/usr/convex/getsysinfo = unknown
/usr/bin/hostinfo      = unknown
/bin/machine           = unknown
/usr/bin/oslevel       = unknown
/bin/universe          = unknown

PATH: /home/emanuel/OE2.5/opendreambox/build/dm900/tmp-glibc/sysroots/x86_64-linux/usr/bin/python-native
PATH: /home/emanuel/OE2.5/opendreambox/openembedded-core/scripts
PATH: /home/emanuel/OE2.5/opendreambox/build/dm900/tmp-glibc/sysroots/x86_64-linux/usr/bin/arm-oe-linux-gnueabi
PATH: /home/emanuel/OE2.5/opendreambox/build/dm900/tmp-glibc/sysroots/dm900/usr/bin/crossscripts
PATH: /home/emanuel/OE2.5/opendreambox/build/dm900/tmp-glibc/sysroots/x86_64-linux/usr/sbin
PATH: /home/emanuel/OE2.5/opendreambox/build/dm900/tmp-glibc/sysroots/x86_64-linux/usr/bin
PATH: /home/emanuel/OE2.5/opendreambox/build/dm900/tmp-glibc/sysroots/x86_64-linux/sbin
PATH: /home/emanuel/OE2.5/opendreambox/build/dm900/tmp-glibc/sysroots/x86_64-linux/bin
PATH: /home/emanuel/OE2.5/opendreambox/openembedded-core/scripts
PATH: /home/emanuel/OE2.5/opendreambox/bitbake/bin
PATH: /home/emanuel/android/Sdk/platform-tools
PATH: /home/emanuel/android-studio/bin
PATH: /home/emanuel/bin
PATH: /home/emanuel/bin
PATH: /usr/local/sbin
PATH: /usr/local/bin
PATH: /usr/sbin
PATH: /usr/bin
PATH: /sbin
PATH: /bin
PATH: /usr/games
PATH: /usr/local/games
PATH: /snap/bin


## ----------- ##
## Core tests. ##
## ----------- ##

configure:2098: checking for arm-oe-linux-gnueabi-gcc
configure:2125: result: arm-oe-linux-gnueabi-gcc  -march=armv7ve -mfpu=neon-vfpv4  -mfloat-abi=hard -mcpu=cortex-a15 --sysroot=/home/emanuel/OE2.5/opendreambox/build/dm900/tmp-glibc/sysroots/dm900
configure:2394: checking for C compiler version
configure:2403: arm-oe-linux-gnueabi-gcc  -march=armv7ve -mfpu=neon-vfpv4  -mfloat-abi=hard -mcpu=cortex-a15 --sysroot=/home/emanuel/OE2.5/opendreambox/build/dm900/tmp-glibc/sysroots/dm900 --version >&5
arm-oe-linux-gnueabi-gcc (GCC) 5.3.0
Copyright (C) 2015 Free Software Foundation, Inc.
This is free software; see the source for copying conditions.  There is NO
warranty; not even for MERCHANTABILITY or FITNESS FOR A PARTICULAR PURPOSE.

configure:2414: $? = 0
configure:2403: arm-oe-linux-gnueabi-gcc  -march=armv7ve -mfpu=neon-vfpv4  -mfloat-abi=hard -mcpu=cortex-a15 --sysroot=/home/emanuel/OE2.5/opendreambox/build/dm900/tmp-glibc/sysroots/dm900 -v >&5
Using built-in specs.
COLLECT_GCC=arm-oe-linux-gnueabi-gcc
COLLECT_LTO_WRAPPER=/home/emanuel/OE2.5/opendreambox/build/dm900/tmp-glibc/sysroots/x86_64-linux/usr/libexec/arm-oe-linux-gnueabi/gcc/arm-oe-linux-gnueabi/5.3.0/lto-wrapper
Target: arm-oe-linux-gnueabi
Configured with: ../../../../../../work-shared/gcc-5.3.0-r0/gcc-5.3.0/configure --build=x86_64-linux --host=x86_64-linux --target=arm-oe-linux-gnueabi --prefix=/home/emanuel/OE2.5/opendreambox/build/dm900/tmp-glibc/sysroots/x86_64-linux/usr --exec_prefix=/home/emanuel/OE2.5/opendreambox/build/dm900/tmp-glibc/sysroots/x86_64-linux/usr --bindir=/home/emanuel/OE2.5/opendreambox/build/dm900/tmp-glibc/sysroots/x86_64-linux/usr/bin/arm-oe-linux-gnueabi --sbindir=/home/emanuel/OE2.5/opendreambox/build/dm900/tmp-glibc/sysroots/x86_64-linux/usr/bin/arm-oe-linux-gnueabi --libexecdir=/home/emanuel/OE2.5/opendreambox/build/dm900/tmp-glibc/sysroots/x86_64-linux/usr/libexec/arm-oe-linux-gnueabi --datadir=/home/emanuel/OE2.5/opendreambox/build/dm900/tmp-glibc/sysroots/x86_64-linux/usr/share --sysconfdir=/home/emanuel/OE2.5/opendreambox/build/dm900/tmp-glibc/sysroots/x86_64-linux/etc --sharedstatedir=/home/emanuel/OE2.5/opendreambox/build/dm900/tmp-glibc/sysroots/x86_64-linux/com --localstatedir=/home/emanuel/OE2.5/opendreambox/build/dm900/tmp-glibc/sysroots/x86_64-linux/var --libdir=/home/emanuel/OE2.5/opendreambox/build/dm900/tmp-glibc/sysroots/x86_64-linux/usr/lib/arm-oe-linux-gnueabi --includedir=/home/emanuel/OE2.5/opendreambox/build/dm900/tmp-glibc/sysroots/x86_64-linux/usr/include --oldincludedir=/home/emanuel/OE2.5/opendreambox/build/dm900/tmp-glibc/sysroots/x86_64-linux/usr/include --infodir=/home/emanuel/OE2.5/opendreambox/build/dm900/tmp-glibc/sysroots/x86_64-linux/usr/share/info --mandir=/home/emanuel/OE2.5/opendreambox/build/dm900/tmp-glibc/sysroots/x86_64-linux/usr/share/man --disable-silent-rules --disable-dependency-tracking --with-libtool-sysroot=/home/emanuel/OE2.5/opendreambox/build/dm900/tmp-glibc/sysroots/x86_64-linux --enable-clocale=generic --with-gnu-ld --enable-shared --enable-languages=c,c++ --enable-threads=posix --disable-multilib --enable-c99 --enable-long-long --enable-symvers=gnu --enable-libstdcxx-pch --program-prefix=arm-oe-linux-gnueabi- --without-local-prefix --enable-lto --enable-libssp --enable-libitm --disable-bootstrap --disable-libmudflap --with-system-zlib --with-linker-hash-style=gnu --enable-linker-build-id --with-ppl=no --with-cloog=no --enable-checking=release --enable-cheaders=c_global --without-isl --with-gxx-include-dir=/not/exist/usr/include/c++/5.3.0 --with-sysroot=/not/exist --with-build-sysroot=/home/emanuel/OE2.5/opendreambox/build/dm900/tmp-glibc/sysroots/dm900 --enable-poison-system-directories --with-mpfr=/home/emanuel/OE2.5/opendreambox/build/dm900/tmp-glibc/sysroots/x86_64-linux/usr --with-system-zlib --disable-nls --with-arch=armv7-a
Thread model: posix
gcc version 5.3.0 (GCC) 
configure:2414: $? = 0
configure:2403: arm-oe-linux-gnueabi-gcc  -march=armv7ve -mfpu=neon-vfpv4  -mfloat-abi=hard -mcpu=cortex-a15 --sysroot=/home/emanuel/OE2.5/opendreambox/build/dm900/tmp-glibc/sysroots/dm900 -V >&5
arm-oe-linux-gnueabi-gcc: error: unrecognized command line option '-V'
arm-oe-linux-gnueabi-gcc: fatal error: no input files
compilation terminated.
configure:2414: $? = 1
configure:2403: arm-oe-linux-gnueabi-gcc  -march=armv7ve -mfpu=neon-vfpv4  -mfloat-abi=hard -mcpu=cortex-a15 --sysroot=/home/emanuel/OE2.5/opendreambox/build/dm900/tmp-glibc/sysroots/dm900 -qversion >&5
arm-oe-linux-gnueabi-gcc: error: unrecognized command line option '-qversion'
arm-oe-linux-gnueabi-gcc: fatal error: no input files
compilation terminated.
configure:2414: $? = 1
configure:2434: checking whether the C compiler works
configure:2456: arm-oe-linux-gnueabi-gcc  -march=armv7ve -mfpu=neon-vfpv4  -mfloat-abi=hard -mcpu=cortex-a15 --sysroot=/home/emanuel/OE2.5/opendreambox/build/dm900/tmp-glibc/sysroots/dm900    conftest.c  >&5
configure:2460: $? = 0
configure:2508: result: yes
configure:2511: checking for C compiler default output file name
configure:2513: result: a.out
configure:2519: checking for suffix of executables
configure:2526: arm-oe-linux-gnueabi-gcc  -march=armv7ve -mfpu=neon-vfpv4  -mfloat-abi=hard -mcpu=cortex-a15 --sysroot=/home/emanuel/OE2.5/opendreambox/build/dm900/tmp-glibc/sysroots/dm900 -o conftest    conftest.c  >&5
configure:2530: $? = 0
configure:2552: result: 
configure:2574: checking whether we are cross compiling
configure:2612: result: yes
configure:2617: checking for suffix of object files
configure:2639: arm-oe-linux-gnueabi-gcc  -march=armv7ve -mfpu=neon-vfpv4  -mfloat-abi=hard -mcpu=cortex-a15 --sysroot=/home/emanuel/OE2.5/opendreambox/build/dm900/tmp-glibc/sysroots/dm900 -c   conftest.c >&5
configure:2643: $? = 0
configure:2664: result: o
configure:2668: checking whether we are using the GNU C compiler
configure:2687: arm-oe-linux-gnueabi-gcc  -march=armv7ve -mfpu=neon-vfpv4  -mfloat-abi=hard -mcpu=cortex-a15 --sysroot=/home/emanuel/OE2.5/opendreambox/build/dm900/tmp-glibc/sysroots/dm900 -c   conftest.c >&5
configure:2687: $? = 0
configure:2696: result: yes
configure:2705: checking whether arm-oe-linux-gnueabi-gcc  -march=armv7ve -mfpu=neon-vfpv4  -mfloat-abi=hard -mcpu=cortex-a15 --sysroot=/home/emanuel/OE2.5/opendreambox/build/dm900/tmp-glibc/sysroots/dm900 accepts -g
configure:2725: arm-oe-linux-gnueabi-gcc  -march=armv7ve -mfpu=neon-vfpv4  -mfloat-abi=hard -mcpu=cortex-a15 --sysroot=/home/emanuel/OE2.5/opendreambox/build/dm900/tmp-glibc/sysroots/dm900 -c -g  conftest.c >&5
configure:2725: $? = 0
configure:2766: result: yes
configure:2783: checking for arm-oe-linux-gnueabi-gcc  -march=armv7ve -mfpu=neon-vfpv4  -mfloat-abi=hard -mcpu=cortex-a15 --sysroot=/home/emanuel/OE2.5/opendreambox/build/dm900/tmp-glibc/sysroots/dm900 option to accept ISO C89
configure:2846: arm-oe-linux-gnueabi-gcc  -march=armv7ve -mfpu=neon-vfpv4  -mfloat-abi=hard -mcpu=cortex-a15 --sysroot=/home/emanuel/OE2.5/opendreambox/build/dm900/tmp-glibc/sysroots/dm900  -c   conftest.c >&5
configure:2846: $? = 0
configure:2859: result: none needed
configure:2884: checking how to run the C preprocessor
configure:2954: result: arm-oe-linux-gnueabi-gcc -E --sysroot=/home/emanuel/OE2.5/opendreambox/build/dm900/tmp-glibc/sysroots/dm900  -march=armv7ve -mfpu=neon-vfpv4  -mfloat-abi=hard -mcpu=cortex-a15
configure:2974: arm-oe-linux-gnueabi-gcc -E --sysroot=/home/emanuel/OE2.5/opendreambox/build/dm900/tmp-glibc/sysroots/dm900  -march=armv7ve -mfpu=neon-vfpv4  -mfloat-abi=hard -mcpu=cortex-a15  conftest.c
configure:2974: $? = 0
configure:2988: arm-oe-linux-gnueabi-gcc -E --sysroot=/home/emanuel/OE2.5/opendreambox/build/dm900/tmp-glibc/sysroots/dm900  -march=armv7ve -mfpu=neon-vfpv4  -mfloat-abi=hard -mcpu=cortex-a15  conftest.c
conftest.c:9:28: fatal error: ac_nonexistent.h: No such file or directory
compilation terminated.
configure:2988: $? = 1
configure: failed program was:
| /* confdefs.h */
| #define PACKAGE_NAME ""
| #define PACKAGE_TARNAME ""
| #define PACKAGE_VERSION ""
| #define PACKAGE_STRING ""
| #define PACKAGE_BUGREPORT ""
| #define PACKAGE_URL ""
| /* end confdefs.h.  */
| #include <ac_nonexistent.h>
configure:3059: checking for a BSD-compatible install
configure:3127: result: /usr/bin/install -c
configure:3200: result: /bin/grep
configure:3205: checking for egrep
configure:3267: result: /bin/grep -E
configure:3272: checking for ANSI C header files
configure:3292: arm-oe-linux-gnueabi-gcc  -march=armv7ve -mfpu=neon-vfpv4  -mfloat-abi=hard -mcpu=cortex-a15 --sysroot=/home/emanuel/OE2.5/opendreambox/build/dm900/tmp-glibc/sysroots/dm900 -c   conftest.c >&5
configure:3292: $? = 0
configure:3376: result: yes
configure:3389: checking for sys/types.h
configure:3389: arm-oe-linux-gnueabi-gcc  -march=armv7ve -mfpu=neon-vfpv4  -mfloat-abi=hard -mcpu=cortex-a15 --sysroot=/home/emanuel/OE2.5/opendreambox/build/dm900/tmp-glibc/sysroots/dm900 -c   conftest.c >&5
configure:3389: $? = 0
configure:3389: result: yes
configure:3389: checking for sys/stat.h
configure:3389: arm-oe-linux-gnueabi-gcc  -march=armv7ve -mfpu=neon-vfpv4  -mfloat-abi=hard -mcpu=cortex-a15 --sysroot=/home/emanuel/OE2.5/opendreambox/build/dm900/tmp-glibc/sysroots/dm900 -c   conftest.c >&5
configure:3389: $? = 0
configure:3389: result: yes
configure:3389: checking for stdlib.h
configure:3389: arm-oe-linux-gnueabi-gcc  -march=armv7ve -mfpu=neon-vfpv4  -mfloat-abi=hard -mcpu=cortex-a15 --sysroot=/home/emanuel/OE2.5/opendreambox/build/dm900/tmp-glibc/sysroots/dm900 -c   conftest.c >&5
configure:3389: $? = 0
configure:3389: result: yes
configure:3389: checking for string.h
configure:3389: arm-oe-linux-gnueabi-gcc  -march=armv7ve -mfpu=neon-vfpv4  -mfloat-abi=hard -mcpu=cortex-a15 --sysroot=/home/emanuel/OE2.5/opendreambox/build/dm900/tmp-glibc/sysroots/dm900 -c   conftest.c >&5
configure:3389: $? = 0
configure:3389: result: yes
configure:3389: checking for memory.h
configure:3389: arm-oe-linux-gnueabi-gcc  -march=armv7ve -mfpu=neon-vfpv4  -mfloat-abi=hard -mcpu=cortex-a15 --sysroot=/home/emanuel/OE2.5/opendreambox/build/dm900/tmp-glibc/sysroots/dm900 -c   conftest.c >&5
configure:3389: $? = 0
configure:3389: result: yes
configure:3389: checking for strings.h
configure:3389: arm-oe-linux-gnueabi-gcc  -march=armv7ve -mfpu=neon-vfpv4  -mfloat-abi=hard -mcpu=cortex-a15 --sysroot=/home/emanuel/OE2.5/opendreambox/build/dm900/tmp-glibc/sysroots/dm900 -c   conftest.c >&5
configure:3389: $? = 0
configure:3389: result: yes
configure:3389: checking for inttypes.h
configure:3389: arm-oe-linux-gnueabi-gcc  -march=armv7ve -mfpu=neon-vfpv4  -mfloat-abi=hard -mcpu=cortex-a15 --sysroot=/home/emanuel/OE2.5/opendreambox/build/dm900/tmp-glibc/sysroots/dm900 -c   conftest.c >&5
configure:3389: $? = 0
configure:3389: result: yes
configure:3389: checking for stdint.h
configure:3389: arm-oe-linux-gnueabi-gcc  -march=armv7ve -mfpu=neon-vfpv4  -mfloat-abi=hard -mcpu=cortex-a15 --sysroot=/home/emanuel/OE2.5/opendreambox/build/dm900/tmp-glibc/sysroots/dm900 -c   conftest.c >&5
configure:3389: $? = 0
configure:3389: result: yes
configure:3389: checking for unistd.h
configure:3389: arm-oe-linux-gnueabi-gcc  -march=armv7ve -mfpu=neon-vfpv4  -mfloat-abi=hard -mcpu=cortex-a15 --sysroot=/home/emanuel/OE2.5/opendreambox/build/dm900/tmp-glibc/sysroots/dm900 -c   conftest.c >&5
configure:3389: $? = 0
configure:3389: result: yes
configure:3401: checking whether byte ordering is bigendian
configure:3416: arm-oe-linux-gnueabi-gcc  -march=armv7ve -mfpu=neon-vfpv4  -mfloat-abi=hard -mcpu=cortex-a15 --sysroot=/home/emanuel/OE2.5/opendreambox/build/dm900/tmp-glibc/sysroots/dm900 -c   conftest.c >&5
conftest.c:20:9: error: unknown type name 'not'
         not a universal capable compiler
         ^
conftest.c:20:15: error: expected '=', ',', ';', 'asm' or '__attribute__' before 'universal'
         not a universal capable compiler
               ^
conftest.c:20:15: error: unknown type name 'universal'
configure:3416: $? = 1
configure: failed program was:
| /* confdefs.h */
| #define PACKAGE_NAME ""
| #define PACKAGE_TARNAME ""
| #define PACKAGE_VERSION ""
| #define PACKAGE_STRING ""
| #define PACKAGE_BUGREPORT ""
| #define PACKAGE_URL ""
| #define STDC_HEADERS 1
| #define HAVE_SYS_TYPES_H 1
| #define HAVE_SYS_STAT_H 1
| #define HAVE_STDLIB_H 1
| #define HAVE_STRING_H 1
| #define HAVE_MEMORY_H 1
| #define HAVE_STRINGS_H 1
| #define HAVE_INTTYPES_H 1
| #define HAVE_STDINT_H 1
| #define HAVE_UNISTD_H 1
| /* end confdefs.h.  */
| #ifndef __APPLE_CC__
| 	       not a universal capable compiler
| 	     #endif
| 	     typedef int dummy;
| 
configure:3461: arm-oe-linux-gnueabi-gcc  -march=armv7ve -mfpu=neon-vfpv4  -mfloat-abi=hard -mcpu=cortex-a15 --sysroot=/home/emanuel/OE2.5/opendreambox/build/dm900/tmp-glibc/sysroots/dm900 -c   conftest.c >&5
configure:3461: $? = 0
configure:3479: arm-oe-linux-gnueabi-gcc  -march=armv7ve -mfpu=neon-vfpv4  -mfloat-abi=hard -mcpu=cortex-a15 --sysroot=/home/emanuel/OE2.5/opendreambox/build/dm900/tmp-glibc/sysroots/dm900 -c   conftest.c >&5
conftest.c: In function 'main':
conftest.c:26:4: error: unknown type name 'not'
    not big endian
    ^
conftest.c:26:12: error: expected '=', ',', ';', 'asm' or '__attribute__' before 'endian'
    not big endian
            ^
configure:3479: $? = 1
configure: failed program was:
| /* confdefs.h */
| #define PACKAGE_NAME ""
| #define PACKAGE_TARNAME ""
| #define PACKAGE_VERSION ""
| #define PACKAGE_STRING ""
| #define PACKAGE_BUGREPORT ""
| #define PACKAGE_URL ""
| #define STDC_HEADERS 1
| #define HAVE_SYS_TYPES_H 1
| #define HAVE_SYS_STAT_H 1
| #define HAVE_STDLIB_H 1
| #define HAVE_STRING_H 1
| #define HAVE_MEMORY_H 1
| #define HAVE_STRINGS_H 1
| #define HAVE_INTTYPES_H 1
| #define HAVE_STDINT_H 1
| #define HAVE_UNISTD_H 1
| /* end confdefs.h.  */
| #include <sys/types.h>
| 		#include <sys/param.h>
| 
| int
| main ()
| {
| #if BYTE_ORDER != BIG_ENDIAN
| 		 not big endian
| 		#endif
| 
|   ;
|   return 0;
| }
configure:3607: result: no
configure:3631: checking for usleep
configure:3631: arm-oe-linux-gnueabi-gcc  -march=armv7ve -mfpu=neon-vfpv4  -mfloat-abi=hard -mcpu=cortex-a15 --sysroot=/home/emanuel/OE2.5/opendreambox/build/dm900/tmp-glibc/sysroots/dm900 -o conftest    conftest.c  >&5
configure:3631: $? = 0
configure:3631: result: yes
configure:3704: checking sys/soundcard.h usability
configure:3704: arm-oe-linux-gnueabi-gcc  -march=armv7ve -mfpu=neon-vfpv4  -mfloat-abi=hard -mcpu=cortex-a15 --sysroot=/home/emanuel/OE2.5/opendreambox/build/dm900/tmp-glibc/sysroots/dm900 -c   conftest.c >&5
configure:3704: $? = 0
configure:3704: result: yes
configure:3704: checking sys/soundcard.h presence
configure:3704: arm-oe-linux-gnueabi-gcc -E --sysroot=/home/emanuel/OE2.5/opendreambox/build/dm900/tmp-glibc/sysroots/dm900  -march=armv7ve -mfpu=neon-vfpv4  -mfloat-abi=hard -mcpu=cortex-a15  conftest.c
configure:3704: $? = 0
configure:3704: result: yes
configure:3704: checking for sys/soundcard.h
configure:3704: result: yes
configure:3716: checking linux/joystick.h usability
configure:3716: arm-oe-linux-gnueabi-gcc  -march=armv7ve -mfpu=neon-vfpv4  -mfloat-abi=hard -mcpu=cortex-a15 --sysroot=/home/emanuel/OE2.5/opendreambox/build/dm900/tmp-glibc/sysroots/dm900 -c   conftest.c >&5
configure:3716: $? = 0
configure:3716: result: yes
configure:3716: checking linux/joystick.h presence
configure:3716: arm-oe-linux-gnueabi-gcc -E --sysroot=/home/emanuel/OE2.5/opendreambox/build/dm900/tmp-glibc/sysroots/dm900  -march=armv7ve -mfpu=neon-vfpv4  -mfloat-abi=hard -mcpu=cortex-a15  conftest.c
configure:3716: $? = 0
configure:3716: result: yes
configure:3716: checking for linux/joystick.h
configure:3716: result: yes
configure:3728: checking linux/fb.h usability
configure:3728: arm-oe-linux-gnueabi-gcc  -march=armv7ve -mfpu=neon-vfpv4  -mfloat-abi=hard -mcpu=cortex-a15 --sysroot=/home/emanuel/OE2.5/opendreambox/build/dm900/tmp-glibc/sysroots/dm900 -c   conftest.c >&5
configure:3728: $? = 0
configure:3728: result: yes
configure:3728: checking linux/fb.h presence
configure:3728: arm-oe-linux-gnueabi-gcc -E --sysroot=/home/emanuel/OE2.5/opendreambox/build/dm900/tmp-glibc/sysroots/dm900  -march=armv7ve -mfpu=neon-vfpv4  -mfloat-abi=hard -mcpu=cortex-a15  conftest.c
configure:3728: $? = 0
configure:3728: result: yes
configure:3728: checking for linux/fb.h
configure:3728: result: yes
configure:3785: checking for vga_init in -lvga
configure:3810: arm-oe-linux-gnueabi-gcc  -march=armv7ve -mfpu=neon-vfpv4  -mfloat-abi=hard -mcpu=cortex-a15 --sysroot=/home/emanuel/OE2.5/opendreambox/build/dm900/tmp-glibc/sysroots/dm900 -o conftest    conftest.c -lvga   >&5
/home/emanuel/OE2.5/opendreambox/build/dm900/tmp-glibc/sysroots/x86_64-linux/usr/libexec/arm-oe-linux-gnueabi/gcc/arm-oe-linux-gnueabi/5.3.0/ld: cannot find -lvga
collect2: error: ld returned 1 exit status
configure:3810: $? = 1
configure: failed program was:
| /* confdefs.h */
| #define PACKAGE_NAME ""
| #define PACKAGE_TARNAME ""
| #define PACKAGE_VERSION ""
| #define PACKAGE_STRING ""
| #define PACKAGE_BUGREPORT ""
| #define PACKAGE_URL ""
| #define STDC_HEADERS 1
| #define HAVE_SYS_TYPES_H 1
| #define HAVE_SYS_STAT_H 1
| #define HAVE_STDLIB_H 1
| #define HAVE_STRING_H 1
| #define HAVE_MEMORY_H 1
| #define HAVE_STRINGS_H 1
| #define HAVE_INTTYPES_H 1
| #define HAVE_STDINT_H 1
| #define HAVE_UNISTD_H 1
| #define HAVE_USLEEP 1
| #define HAVE_SYS_SOUNDCARD_H 1
| #define HAVE_LINUX_JOYSTICK_H 1
| #define HAVE_LINUX_FB_H 1
| /* end confdefs.h.  */
| 
| /* Override any GCC internal prototype to avoid an error.
|    Use char because int might match the return type of a GCC
|    builtin and then its argument prototype would still apply.  */
| #ifdef __cplusplus
| extern "C"
| #endif
| char vga_init ();
| int
| main ()
| {
| return vga_init ();
|   ;
|   return 0;
| }
configure:3819: result: no
configure:3851: checking for sdl-config
configure:3867: found /home/emanuel/OE2.5/opendreambox/build/dm900/tmp-glibc/sysroots/dm900/usr/bin/crossscripts/sdl-config
configure:3878: result: yes
configure:3891: checking for SDL_Init in -lSDL
configure:3916: arm-oe-linux-gnueabi-gcc  -march=armv7ve -mfpu=neon-vfpv4  -mfloat-abi=hard -mcpu=cortex-a15 --sysroot=/home/emanuel/OE2.5/opendreambox/build/dm900/tmp-glibc/sysroots/dm900 -o conftest    conftest.c -lSDL -lSDL -lpthread  >&5
configure:3916: $? = 0
configure:3925: result: yes
configure:3931: checking SDL/SDL.h usability
configure:3931: arm-oe-linux-gnueabi-gcc  -march=armv7ve -mfpu=neon-vfpv4  -mfloat-abi=hard -mcpu=cortex-a15 --sysroot=/home/emanuel/OE2.5/opendreambox/build/dm900/tmp-glibc/sysroots/dm900 -c   conftest.c >&5
configure:3931: $? = 0
configure:3931: result: yes
configure:3931: checking SDL/SDL.h presence
configure:3931: arm-oe-linux-gnueabi-gcc -E --sysroot=/home/emanuel/OE2.5/opendreambox/build/dm900/tmp-glibc/sysroots/dm900  -march=armv7ve -mfpu=neon-vfpv4  -mfloat-abi=hard -mcpu=cortex-a15  conftest.c
configure:3931: $? = 0
configure:3931: result: yes
configure:3931: checking for SDL/SDL.h
configure:3931: result: yes
configure:3957: checking for X
configure:3989: arm-oe-linux-gnueabi-gcc -E --sysroot=/home/emanuel/OE2.5/opendreambox/build/dm900/tmp-glibc/sysroots/dm900  -march=armv7ve -mfpu=neon-vfpv4  -mfloat-abi=hard -mcpu=cortex-a15  conftest.c
conftest.c:24:22: fatal error: X11/Xlib.h: No such file or directory
compilation terminated.
configure:3989: $? = 1
configure: failed program was:
| /* confdefs.h */
| #define PACKAGE_NAME ""
| #define PACKAGE_TARNAME ""
| #define PACKAGE_VERSION ""
| #define PACKAGE_STRING ""
| #define PACKAGE_BUGREPORT ""
| #define PACKAGE_URL ""
| #define STDC_HEADERS 1
| #define HAVE_SYS_TYPES_H 1
| #define HAVE_SYS_STAT_H 1
| #define HAVE_STDLIB_H 1
| #define HAVE_STRING_H 1
| #define HAVE_MEMORY_H 1
| #define HAVE_STRINGS_H 1
| #define HAVE_INTTYPES_H 1
| #define HAVE_STDINT_H 1
| #define HAVE_UNISTD_H 1
| #define HAVE_USLEEP 1
| #define HAVE_SYS_SOUNDCARD_H 1
| #define HAVE_LINUX_JOYSTICK_H 1
| #define HAVE_LINUX_FB_H 1
| #define HAVE_SDL_SDL_H 1
| /* end confdefs.h.  */
| #include <X11/Xlib.h>
configure:4020: arm-oe-linux-gnueabi-gcc  -march=armv7ve -mfpu=neon-vfpv4  -mfloat-abi=hard -mcpu=cortex-a15 --sysroot=/home/emanuel/OE2.5/opendreambox/build/dm900/tmp-glibc/sysroots/dm900 -o conftest    conftest.c -lX11  >&5
conftest.c:24:22: fatal error: X11/Xlib.h: No such file or directory
compilation terminated.
configure:4020: $? = 1
configure: failed program was:
| /* confdefs.h */
| #define PACKAGE_NAME ""
| #define PACKAGE_TARNAME ""
| #define PACKAGE_VERSION ""
| #define PACKAGE_STRING ""
| #define PACKAGE_BUGREPORT ""
| #define PACKAGE_URL ""
| #define STDC_HEADERS 1
| #define HAVE_SYS_TYPES_H 1
| #define HAVE_SYS_STAT_H 1
| #define HAVE_STDLIB_H 1
| #define HAVE_STRING_H 1
| #define HAVE_MEMORY_H 1
| #define HAVE_STRINGS_H 1
| #define HAVE_INTTYPES_H 1
| #define HAVE_STDINT_H 1
| #define HAVE_UNISTD_H 1
| #define HAVE_USLEEP 1
| #define HAVE_SYS_SOUNDCARD_H 1
| #define HAVE_LINUX_JOYSTICK_H 1
| #define HAVE_LINUX_FB_H 1
| #define HAVE_SDL_SDL_H 1
| /* end confdefs.h.  */
| #include <X11/Xlib.h>
| int
| main ()
| {
| XrmInitialize ()
|   ;
|   return 0;
| }
configure:4059: result: no
configure:4199: result: enabling selected compiler warnings
configure:4271: result: producing heavily optimized code
configure:4311: result: no optimized asm core available for `uname -m`
configure:4449: creating ./config.status

## ---------------------- ##
## Running config.status. ##
## ---------------------- ##

This file was extended by config.status, which was
generated by GNU Autoconf 2.69.  Invocation command line was

  CONFIG_FILES    = 
  CONFIG_HEADERS  = 
  CONFIG_LINKS    = 
  CONFIG_COMMANDS = 
  $ ./config.status 

on xanadu

config.status:790: creating Makefile
config.status:790: creating sys/nix/config.h
config.status:965: sys/nix/config.h is unchanged
configure:5577: WARNING: unrecognized options: --with-libtool-sysroot

## ---------------- ##
## Cache variables. ##
## ---------------- ##

ac_cv_c_bigendian=no
ac_cv_c_compiler_gnu=yes
ac_cv_env_CC_set=set
ac_cv_env_CC_value='arm-oe-linux-gnueabi-gcc  -march=armv7ve -mfpu=neon-vfpv4  -mfloat-abi=hard -mcpu=cortex-a15 --sysroot=/home/emanuel/OE2.5/opendreambox/build/dm900/tmp-glibc/sysroots/dm900'
ac_cv_env_CFLAGS_set=
ac_cv_env_CFLAGS_value=
ac_cv_env_CPPFLAGS_set=
ac_cv_env_CPPFLAGS_value=
ac_cv_env_CPP_set=set
ac_cv_env_CPP_value='arm-oe-linux-gnueabi-gcc -E --sysroot=/home/emanuel/OE2.5/opendreambox/build/dm900/tmp-glibc/sysroots/dm900  -march=armv7ve -mfpu=neon-vfpv4  -mfloat-abi=hard -mcpu=cortex-a15'
ac_cv_env_LDFLAGS_set=
ac_cv_env_LDFLAGS_value=
ac_cv_env_LIBS_set=
ac_cv_env_LIBS_value=
ac_cv_env_build_alias_set=set
ac_cv_env_build_alias_value=x86_64-linux
ac_cv_env_host_alias_set=set
ac_cv_env_host_alias_value=arm-oe-linux-gnueabi
ac_cv_env_target_alias_set=set
ac_cv_env_target_alias_value=arm-oe-linux-gnueabi
ac_cv_func_usleep=yes
ac_cv_have_x=have_x=no
ac_cv_header_SDL_SDL_h=yes
ac_cv_header_inttypes_h=yes
ac_cv_header_linux_fb_h=yes
ac_cv_header_linux_joystick_h=yes
ac_cv_header_memory_h=yes
ac_cv_header_stdc=yes
ac_cv_header_stdint_h=yes
ac_cv_header_stdlib_h=yes
ac_cv_header_string_h=yes
ac_cv_header_strings_h=yes
ac_cv_header_sys_soundcard_h=yes
ac_cv_header_sys_stat_h=yes
ac_cv_header_sys_types_h=yes
ac_cv_header_unistd_h=yes
ac_cv_lib_SDL_SDL_Init=yes
ac_cv_lib_vga_vga_init=no
ac_cv_objext=o
ac_cv_path_EGREP='/bin/grep -E'
ac_cv_path_GREP=/bin/grep
ac_cv_path_install='/usr/bin/install -c'
ac_cv_prog_CC='arm-oe-linux-gnueabi-gcc  -march=armv7ve -mfpu=neon-vfpv4  -mfloat-abi=hard -mcpu=cortex-a15 --sysroot=/home/emanuel/OE2.5/opendreambox/build/dm900/tmp-glibc/sysroots/dm900'
ac_cv_prog_CPP='arm-oe-linux-gnueabi-gcc -E --sysroot=/home/emanuel/OE2.5/opendreambox/build/dm900/tmp-glibc/sysroots/dm900  -march=armv7ve -mfpu=neon-vfpv4  -mfloat-abi=hard -mcpu=cortex-a15'
ac_cv_prog_SDL_CONFIG=yes
ac_cv_prog_cc_c89=
ac_cv_prog_cc_g=yes

## ----------------- ##
## Output variables. ##
## ----------------- ##

ASM=''
ASM_OBJS=''
CC='arm-oe-linux-gnueabi-gcc  -march=armv7ve -mfpu=neon-vfpv4  -mfloat-abi=hard -mcpu=cortex-a15 --sysroot=/home/emanuel/OE2.5/opendreambox/build/dm900/tmp-glibc/sysroots/dm900'
CFLAGS=' -ansi -pedantic -Wall -Wno-implicit -Wno-long-long -O3 -fstrength-reduce -fthread-jumps  -fcse-follow-jumps -fcse-skip-blocks -frerun-cse-after-loop  -fexpensive-optimizations -fforce-addr -fomit-frame-pointer'
CPP='arm-oe-linux-gnueabi-gcc -E --sysroot=/home/emanuel/OE2.5/opendreambox/build/dm900/tmp-glibc/sysroots/dm900  -march=armv7ve -mfpu=neon-vfpv4  -mfloat-abi=hard -mcpu=cortex-a15'
CPPFLAGS=''
DEFS='-DHAVE_CONFIG_H'
ECHO_C=''
ECHO_N='-n'
ECHO_T=''
EGREP='/bin/grep -E'
ENDIAN='-DIS_LITTLE_ENDIAN'
EXEEXT=''
FB_OBJS='sys/linux/fbdev.o sys/linux/kb.o sys/pc/keymap.o'
GREP='/bin/grep'
INSTALL_DATA='${INSTALL} -m 644'
INSTALL_PROGRAM='${INSTALL}'
INSTALL_SCRIPT='${INSTALL}'
JOY='sys/linux/joy.o'
LDFLAGS=' -s'
LIBOBJS=''
LIBS=''
LTLIBOBJS=''
OBJEXT='o'
PACKAGE_BUGREPORT=''
PACKAGE_NAME=''
PACKAGE_STRING=''
PACKAGE_TARNAME=''
PACKAGE_URL=''
PACKAGE_VERSION=''
PATH_SEPARATOR=':'
SDL_CFLAGS='-D_GNU_SOURCE=1 -D_REENTRANT -I/home/emanuel/OE2.5/opendreambox/build/dm900/tmp-glibc/sysroots/dm900/usr/include/SDL'
SDL_CONFIG='yes'
SDL_LIBS='-lSDL -lpthread'
SHELL='/bin/bash'
SOUND='sys/oss/oss.o'
SYS_DEFS='-DIS_LINUX'
TARGETS=' fbgnuboy sdlgnuboy'
XINCS=''
XLIBS=''
ac_ct_CC=''
bindir='/usr/bin'
build_alias='x86_64-linux'
datadir='/usr/share'
datarootdir='${prefix}/share'
docdir='${datarootdir}/doc/${PACKAGE}'
dvidir='${docdir}'
exec_prefix='/usr'
host_alias='arm-oe-linux-gnueabi'
htmldir='${docdir}'
includedir='/usr/include'
infodir='/usr/share/info'
libdir='/usr/lib'
libexecdir='/usr/libexec'
localedir='${datarootdir}/locale'
localstatedir='/var'
mandir='/usr/share/man'
oldincludedir='/usr/include'
pdfdir='${docdir}'
prefix='/usr'
program_transform_name='s,x,x,'
psdir='${docdir}'
sbindir='/usr/sbin'
sharedstatedir='/com'
sysconfdir='/etc'
target_alias='arm-oe-linux-gnueabi'

## ----------- ##
## confdefs.h. ##
## ----------- ##

/* confdefs.h */
#define PACKAGE_NAME ""
#define PACKAGE_TARNAME ""
#define PACKAGE_VERSION ""
#define PACKAGE_STRING ""
#define PACKAGE_BUGREPORT ""
#define PACKAGE_URL ""
#define STDC_HEADERS 1
#define HAVE_SYS_TYPES_H 1
#define HAVE_SYS_STAT_H 1
#define HAVE_STDLIB_H 1
#define HAVE_STRING_H 1
#define HAVE_MEMORY_H 1
#define HAVE_STRINGS_H 1
#define HAVE_INTTYPES_H 1
#define HAVE_STDINT_H 1
#define HAVE_UNISTD_H 1
#define HAVE_USLEEP 1
#define HAVE_SYS_SOUNDCARD_H 1
#define HAVE_LINUX_JOYSTICK_H 1
#define HAVE_LINUX_FB_H 1
#define HAVE_SDL_SDL_H 1

configure: exit 0
